2016-08-12 18:13:57,754 - Log4JLogChute initialized using file 'velocity.log'
2016-08-12 18:13:57,754 - Initializing Velocity, Calling init()...
2016-08-12 18:13:57,754 - Starting Apache Velocity v1.7 (compiled: 2010-11-19 12:14:37)
2016-08-12 18:13:57,754 - Default Properties File: org\apache\velocity\runtime\defaults\velocity.properties
2016-08-12 18:13:57,754 - Trying to use logger class org.apache.velocity.runtime.log.AvalonLogChute
2016-08-12 18:13:57,754 - Target log system for org.apache.velocity.runtime.log.AvalonLogChute is not available (java.lang.NoClassDefFoundError: org/apache/log/format/Formatter).  Falling back to next log system...
2016-08-12 18:13:57,755 - Trying to use logger class org.apache.velocity.runtime.log.Log4JLogChute
2016-08-12 18:13:57,755 - Using logger class org.apache.velocity.runtime.log.Log4JLogChute
2016-08-12 18:13:57,759 - ResourceLoader instantiated: org.apache.velocity.runtime.resource.loader.FileResourceLoader
2016-08-12 18:13:57,761 - Do unicode file recognition:  false
2016-08-12 18:13:57,761 - FileResourceLoader : adding path 'E:\javadb\space-java2\cool-java\target\classes'
2016-08-12 18:13:57,777 - ResourceCache: initialized (class org.apache.velocity.runtime.resource.ResourceCacheImpl) with class java.util.Collections$SynchronizedMap cache map.
2016-08-12 18:13:57,778 - Loaded System Directive: org.apache.velocity.runtime.directive.Stop
2016-08-12 18:13:57,779 - Loaded System Directive: org.apache.velocity.runtime.directive.Define
2016-08-12 18:13:57,780 - Loaded System Directive: org.apache.velocity.runtime.directive.Break
2016-08-12 18:13:57,780 - Loaded System Directive: org.apache.velocity.runtime.directive.Evaluate
2016-08-12 18:13:57,781 - Loaded System Directive: org.apache.velocity.runtime.directive.Literal
2016-08-12 18:13:57,782 - Loaded System Directive: org.apache.velocity.runtime.directive.Macro
2016-08-12 18:13:57,783 - Loaded System Directive: org.apache.velocity.runtime.directive.Parse
2016-08-12 18:13:57,784 - Loaded System Directive: org.apache.velocity.runtime.directive.Include
2016-08-12 18:13:57,786 - Loaded System Directive: org.apache.velocity.runtime.directive.Foreach
2016-08-12 18:13:57,825 - Created '20' parsers.
2016-08-12 18:13:57,830 - Velocimacro : "velocimacro.library" is not set.  Trying default library: VM_global_library.vm
2016-08-12 18:13:57,830 - Velocimacro : Default library not found.
2016-08-12 18:13:57,830 - Velocimacro : allowInline = true : VMs can be defined inline in templates
2016-08-12 18:13:57,830 - Velocimacro : allowInlineToOverride = false : VMs defined inline may NOT replace previous VM definitions
2016-08-12 18:13:57,830 - Velocimacro : allowInlineLocal = false : VMs defined inline will be global in scope if allowed.
2016-08-12 18:13:57,830 - Velocimacro : autoload off : VM system will not automatically reload global library macros
2016-08-12 18:13:57,910 - ResourceManager : found template/__IAPI.java.vm with loader org.apache.velocity.runtime.resource.loader.FileResourceLoader
2016-08-12 18:13:57,912 - Null reference [template 'template/__IAPI.java.vm', line 22, column 26] : ${String} cannot be resolved.
2016-08-12 18:13:57,912 - Null reference [template 'template/__IAPI.java.vm', line 29, column 43] : ${String} cannot be resolved.
2016-08-12 18:13:57,912 - Null reference [template 'template/__IAPI.java.vm', line 34, column 26] : ${String} cannot be resolved.
2016-08-12 18:13:57,912 - Null reference [template 'template/__IAPI.java.vm', line 50, column 26] : ${String} cannot be resolved.
2016-08-12 18:13:57,912 - Null reference [template 'template/__IAPI.java.vm', line 55, column 26] : ${String} cannot be resolved.
2016-08-12 18:13:57,912 - Null reference [template 'template/__IAPI.java.vm', line 61, column 43] : ${String} cannot be resolved.
2016-08-12 18:13:57,912 - Null reference [template 'template/__IAPI.java.vm', line 66, column 43] : ${String} cannot be resolved.
2016-08-12 18:13:57,912 - Null reference [template 'template/__IAPI.java.vm', line 72, column 26] : ${String} cannot be resolved.
2016-08-12 18:13:57,912 - Null reference [template 'template/__IAPI.java.vm', line 77, column 26] : ${String} cannot be resolved.
2016-08-12 18:13:57,912 - Null reference [template 'template/__IAPI.java.vm', line 82, column 43] : ${String} cannot be resolved.
2016-08-12 18:13:57,912 - Null reference [template 'template/__IAPI.java.vm', line 87, column 43] : ${String} cannot be resolved.
2016-08-12 18:13:57,913 - Null reference [template 'template/__IAPI.java.vm', line 92, column 26] : ${String} cannot be resolved.
2016-08-12 18:13:57,913 - Null reference [template 'template/__IAPI.java.vm', line 97, column 26] : ${String} cannot be resolved.
2016-08-12 18:13:57,916 - ResourceManager : found template/__APIDefaultImpl.java.vm with loader org.apache.velocity.runtime.resource.loader.FileResourceLoader
2016-08-12 18:13:57,918 - ResourceManager : found template/__IDBAPI.java.vm with loader org.apache.velocity.runtime.resource.loader.FileResourceLoader
2016-08-12 18:13:57,918 - Null reference [template 'template/__IDBAPI.java.vm', line 24, column 26] : ${String} cannot be resolved.
2016-08-12 18:13:57,918 - Null reference [template 'template/__IDBAPI.java.vm', line 31, column 43] : ${String} cannot be resolved.
2016-08-12 18:13:57,918 - Null reference [template 'template/__IDBAPI.java.vm', line 36, column 26] : ${String} cannot be resolved.
2016-08-12 18:13:57,918 - Null reference [template 'template/__IDBAPI.java.vm', line 52, column 26] : ${String} cannot be resolved.
2016-08-12 18:13:57,918 - Null reference [template 'template/__IDBAPI.java.vm', line 57, column 26] : ${String} cannot be resolved.
2016-08-12 18:13:57,919 - Null reference [template 'template/__IDBAPI.java.vm', line 63, column 43] : ${String} cannot be resolved.
2016-08-12 18:13:57,919 - Null reference [template 'template/__IDBAPI.java.vm', line 68, column 43] : ${String} cannot be resolved.
2016-08-12 18:13:57,919 - Null reference [template 'template/__IDBAPI.java.vm', line 74, column 26] : ${String} cannot be resolved.
2016-08-12 18:13:57,919 - Null reference [template 'template/__IDBAPI.java.vm', line 79, column 26] : ${String} cannot be resolved.
2016-08-12 18:13:57,919 - Null reference [template 'template/__IDBAPI.java.vm', line 84, column 43] : ${String} cannot be resolved.
2016-08-12 18:13:57,919 - Null reference [template 'template/__IDBAPI.java.vm', line 89, column 43] : ${String} cannot be resolved.
2016-08-12 18:13:57,919 - Null reference [template 'template/__IDBAPI.java.vm', line 94, column 26] : ${String} cannot be resolved.
2016-08-12 18:13:57,919 - Null reference [template 'template/__IDBAPI.java.vm', line 99, column 26] : ${String} cannot be resolved.
2016-08-12 18:13:57,919 - ResourceManager : found template/MD5Util.java.vm with loader org.apache.velocity.runtime.resource.loader.FileResourceLoader
2016-08-12 18:13:57,920 - ResourceManager : found template/PrivilegeHandlerInterceptorAdapter.java.vm with loader org.apache.velocity.runtime.resource.loader.FileResourceLoader
2016-08-12 18:13:57,921 - ResourceManager : found template/__Model.java.vm with loader org.apache.velocity.runtime.resource.loader.FileResourceLoader
2016-08-12 18:13:57,922 - ResourceManager : found template/ConfigUtil.java.vm with loader org.apache.velocity.runtime.resource.loader.FileResourceLoader
2016-08-12 18:13:57,923 - ResourceManager : found template/RandomString.java.vm with loader org.apache.velocity.runtime.resource.loader.FileResourceLoader
2016-08-12 18:13:57,923 - ResourceManager : found template/PageParam.java.vm with loader org.apache.velocity.runtime.resource.loader.FileResourceLoader
2016-08-12 18:13:57,924 - ResourceManager : found template/__Request.java.vm with loader org.apache.velocity.runtime.resource.loader.FileResourceLoader
2016-08-12 18:13:57,925 - ResourceManager : found template/IAPP.java.vm with loader org.apache.velocity.runtime.resource.loader.FileResourceLoader
2016-08-12 18:13:57,926 - ResourceManager : found template/ResourceHandlerInterceptorAdapter.java.vm with loader org.apache.velocity.runtime.resource.loader.FileResourceLoader
2016-08-12 18:13:57,926 - ResourceManager : found template/MethodUtil.java.vm with loader org.apache.velocity.runtime.resource.loader.FileResourceLoader
2016-08-12 18:13:57,927 - ResourceManager : found template/DTUtil.java.vm with loader org.apache.velocity.runtime.resource.loader.FileResourceLoader
2016-08-12 18:13:58,298 - ResourceManager : found template/_Bean.java.vm with loader org.apache.velocity.runtime.resource.loader.FileResourceLoader
2016-08-12 18:13:58,317 - ResourceManager : found template/_DBAPI.java.vm with loader org.apache.velocity.runtime.resource.loader.FileResourceLoader
2016-08-12 18:15:16,304 - Log4JLogChute initialized using file 'velocity.log'
2016-08-12 18:15:16,320 - Initializing Velocity, Calling init()...
2016-08-12 18:15:16,321 - Starting Apache Velocity v1.7 (compiled: 2010-11-19 12:14:37)
2016-08-12 18:15:16,321 - Default Properties File: org\apache\velocity\runtime\defaults\velocity.properties
2016-08-12 18:15:16,321 - Trying to use logger class org.apache.velocity.runtime.log.AvalonLogChute
2016-08-12 18:15:16,321 - Target log system for org.apache.velocity.runtime.log.AvalonLogChute is not available (java.lang.NoClassDefFoundError: org/apache/log/format/Formatter).  Falling back to next log system...
2016-08-12 18:15:16,321 - Trying to use logger class org.apache.velocity.runtime.log.Log4JLogChute
2016-08-12 18:15:16,321 - Using logger class org.apache.velocity.runtime.log.Log4JLogChute
2016-08-12 18:15:16,326 - ResourceLoader instantiated: org.apache.velocity.runtime.resource.loader.FileResourceLoader
2016-08-12 18:15:16,328 - Do unicode file recognition:  false
2016-08-12 18:15:16,328 - FileResourceLoader : adding path 'E:\javadb\space-java2\cool-java\target\classes'
2016-08-12 18:15:16,347 - ResourceCache: initialized (class org.apache.velocity.runtime.resource.ResourceCacheImpl) with class java.util.Collections$SynchronizedMap cache map.
2016-08-12 18:15:16,348 - Loaded System Directive: org.apache.velocity.runtime.directive.Stop
2016-08-12 18:15:16,349 - Loaded System Directive: org.apache.velocity.runtime.directive.Define
2016-08-12 18:15:16,349 - Loaded System Directive: org.apache.velocity.runtime.directive.Break
2016-08-12 18:15:16,350 - Loaded System Directive: org.apache.velocity.runtime.directive.Evaluate
2016-08-12 18:15:16,351 - Loaded System Directive: org.apache.velocity.runtime.directive.Literal
2016-08-12 18:15:16,352 - Loaded System Directive: org.apache.velocity.runtime.directive.Macro
2016-08-12 18:15:16,353 - Loaded System Directive: org.apache.velocity.runtime.directive.Parse
2016-08-12 18:15:16,354 - Loaded System Directive: org.apache.velocity.runtime.directive.Include
2016-08-12 18:15:16,355 - Loaded System Directive: org.apache.velocity.runtime.directive.Foreach
2016-08-12 18:15:16,395 - Created '20' parsers.
2016-08-12 18:15:16,401 - Velocimacro : "velocimacro.library" is not set.  Trying default library: VM_global_library.vm
2016-08-12 18:15:16,401 - Velocimacro : Default library not found.
2016-08-12 18:15:16,401 - Velocimacro : allowInline = true : VMs can be defined inline in templates
2016-08-12 18:15:16,401 - Velocimacro : allowInlineToOverride = false : VMs defined inline may NOT replace previous VM definitions
2016-08-12 18:15:16,401 - Velocimacro : allowInlineLocal = false : VMs defined inline will be global in scope if allowed.
2016-08-12 18:15:16,401 - Velocimacro : autoload off : VM system will not automatically reload global library macros
2016-08-12 18:15:16,497 - ResourceManager : found template/__IAPI.java.vm with loader org.apache.velocity.runtime.resource.loader.FileResourceLoader
2016-08-12 18:15:16,499 - Null reference [template 'template/__IAPI.java.vm', line 22, column 26] : ${String} cannot be resolved.
2016-08-12 18:15:16,499 - Null reference [template 'template/__IAPI.java.vm', line 29, column 43] : ${String} cannot be resolved.
2016-08-12 18:15:16,499 - Null reference [template 'template/__IAPI.java.vm', line 34, column 26] : ${String} cannot be resolved.
2016-08-12 18:15:16,499 - Null reference [template 'template/__IAPI.java.vm', line 50, column 26] : ${String} cannot be resolved.
2016-08-12 18:15:16,499 - Null reference [template 'template/__IAPI.java.vm', line 55, column 26] : ${String} cannot be resolved.
2016-08-12 18:15:16,499 - Null reference [template 'template/__IAPI.java.vm', line 61, column 43] : ${String} cannot be resolved.
2016-08-12 18:15:16,499 - Null reference [template 'template/__IAPI.java.vm', line 66, column 43] : ${String} cannot be resolved.
2016-08-12 18:15:16,499 - Null reference [template 'template/__IAPI.java.vm', line 72, column 26] : ${String} cannot be resolved.
2016-08-12 18:15:16,499 - Null reference [template 'template/__IAPI.java.vm', line 77, column 26] : ${String} cannot be resolved.
2016-08-12 18:15:16,499 - Null reference [template 'template/__IAPI.java.vm', line 82, column 43] : ${String} cannot be resolved.
2016-08-12 18:15:16,499 - Null reference [template 'template/__IAPI.java.vm', line 87, column 43] : ${String} cannot be resolved.
2016-08-12 18:15:16,499 - Null reference [template 'template/__IAPI.java.vm', line 92, column 26] : ${String} cannot be resolved.
2016-08-12 18:15:16,499 - Null reference [template 'template/__IAPI.java.vm', line 97, column 26] : ${String} cannot be resolved.
2016-08-12 18:15:16,511 - ResourceManager : found template/__APIDefaultImpl.java.vm with loader org.apache.velocity.runtime.resource.loader.FileResourceLoader
2016-08-12 18:15:16,513 - ResourceManager : found template/__IDBAPI.java.vm with loader org.apache.velocity.runtime.resource.loader.FileResourceLoader
2016-08-12 18:15:16,513 - Null reference [template 'template/__IDBAPI.java.vm', line 24, column 26] : ${String} cannot be resolved.
2016-08-12 18:15:16,513 - Null reference [template 'template/__IDBAPI.java.vm', line 31, column 43] : ${String} cannot be resolved.
2016-08-12 18:15:16,513 - Null reference [template 'template/__IDBAPI.java.vm', line 36, column 26] : ${String} cannot be resolved.
2016-08-12 18:15:16,513 - Null reference [template 'template/__IDBAPI.java.vm', line 52, column 26] : ${String} cannot be resolved.
2016-08-12 18:15:16,513 - Null reference [template 'template/__IDBAPI.java.vm', line 57, column 26] : ${String} cannot be resolved.
2016-08-12 18:15:16,513 - Null reference [template 'template/__IDBAPI.java.vm', line 63, column 43] : ${String} cannot be resolved.
2016-08-12 18:15:16,513 - Null reference [template 'template/__IDBAPI.java.vm', line 68, column 43] : ${String} cannot be resolved.
2016-08-12 18:15:16,514 - Null reference [template 'template/__IDBAPI.java.vm', line 74, column 26] : ${String} cannot be resolved.
2016-08-12 18:15:16,514 - Null reference [template 'template/__IDBAPI.java.vm', line 79, column 26] : ${String} cannot be resolved.
2016-08-12 18:15:16,514 - Null reference [template 'template/__IDBAPI.java.vm', line 84, column 43] : ${String} cannot be resolved.
2016-08-12 18:15:16,514 - Null reference [template 'template/__IDBAPI.java.vm', line 89, column 43] : ${String} cannot be resolved.
2016-08-12 18:15:16,514 - Null reference [template 'template/__IDBAPI.java.vm', line 94, column 26] : ${String} cannot be resolved.
2016-08-12 18:15:16,514 - Null reference [template 'template/__IDBAPI.java.vm', line 99, column 26] : ${String} cannot be resolved.
2016-08-12 18:15:16,514 - ResourceManager : found template/MD5Util.java.vm with loader org.apache.velocity.runtime.resource.loader.FileResourceLoader
2016-08-12 18:15:16,515 - ResourceManager : found template/PrivilegeHandlerInterceptorAdapter.java.vm with loader org.apache.velocity.runtime.resource.loader.FileResourceLoader
2016-08-12 18:15:16,516 - ResourceManager : found template/__Model.java.vm with loader org.apache.velocity.runtime.resource.loader.FileResourceLoader
2016-08-12 18:15:16,517 - ResourceManager : found template/ConfigUtil.java.vm with loader org.apache.velocity.runtime.resource.loader.FileResourceLoader
2016-08-12 18:15:16,518 - ResourceManager : found template/RandomString.java.vm with loader org.apache.velocity.runtime.resource.loader.FileResourceLoader
2016-08-12 18:15:16,519 - ResourceManager : found template/PageParam.java.vm with loader org.apache.velocity.runtime.resource.loader.FileResourceLoader
2016-08-12 18:15:16,526 - ResourceManager : found template/__Request.java.vm with loader org.apache.velocity.runtime.resource.loader.FileResourceLoader
2016-08-12 18:15:16,526 - ResourceManager : found template/IAPP.java.vm with loader org.apache.velocity.runtime.resource.loader.FileResourceLoader
2016-08-12 18:15:16,527 - ResourceManager : found template/ResourceHandlerInterceptorAdapter.java.vm with loader org.apache.velocity.runtime.resource.loader.FileResourceLoader
2016-08-12 18:15:16,528 - ResourceManager : found template/MethodUtil.java.vm with loader org.apache.velocity.runtime.resource.loader.FileResourceLoader
2016-08-12 18:15:16,529 - ResourceManager : found template/DTUtil.java.vm with loader org.apache.velocity.runtime.resource.loader.FileResourceLoader
2016-08-12 18:15:16,903 - ResourceManager : found template/_Bean.java.vm with loader org.apache.velocity.runtime.resource.loader.FileResourceLoader
2016-08-12 18:15:16,935 - ResourceManager : found template/_DBAPI.java.vm with loader org.apache.velocity.runtime.resource.loader.FileResourceLoader
2016-08-12 18:15:48,979 - Log4JLogChute initialized using file 'velocity.log'
2016-08-12 18:15:48,980 - Initializing Velocity, Calling init()...
2016-08-12 18:15:48,980 - Starting Apache Velocity v1.7 (compiled: 2010-11-19 12:14:37)
2016-08-12 18:15:48,980 - Default Properties File: org\apache\velocity\runtime\defaults\velocity.properties
2016-08-12 18:15:48,980 - Trying to use logger class org.apache.velocity.runtime.log.AvalonLogChute
2016-08-12 18:15:48,980 - Target log system for org.apache.velocity.runtime.log.AvalonLogChute is not available (java.lang.NoClassDefFoundError: org/apache/log/format/Formatter).  Falling back to next log system...
2016-08-12 18:15:48,980 - Trying to use logger class org.apache.velocity.runtime.log.Log4JLogChute
2016-08-12 18:15:48,980 - Using logger class org.apache.velocity.runtime.log.Log4JLogChute
2016-08-12 18:15:48,985 - ResourceLoader instantiated: org.apache.velocity.runtime.resource.loader.FileResourceLoader
2016-08-12 18:15:48,986 - Do unicode file recognition:  false
2016-08-12 18:15:48,986 - FileResourceLoader : adding path 'E:\javadb\space-java2\cool-java\target\classes'
2016-08-12 18:15:49,002 - ResourceCache: initialized (class org.apache.velocity.runtime.resource.ResourceCacheImpl) with class java.util.Collections$SynchronizedMap cache map.
2016-08-12 18:15:49,003 - Loaded System Directive: org.apache.velocity.runtime.directive.Stop
2016-08-12 18:15:49,004 - Loaded System Directive: org.apache.velocity.runtime.directive.Define
2016-08-12 18:15:49,004 - Loaded System Directive: org.apache.velocity.runtime.directive.Break
2016-08-12 18:15:49,005 - Loaded System Directive: org.apache.velocity.runtime.directive.Evaluate
2016-08-12 18:15:49,006 - Loaded System Directive: org.apache.velocity.runtime.directive.Literal
2016-08-12 18:15:49,007 - Loaded System Directive: org.apache.velocity.runtime.directive.Macro
2016-08-12 18:15:49,011 - Loaded System Directive: org.apache.velocity.runtime.directive.Parse
2016-08-12 18:15:49,012 - Loaded System Directive: org.apache.velocity.runtime.directive.Include
2016-08-12 18:15:49,013 - Loaded System Directive: org.apache.velocity.runtime.directive.Foreach
2016-08-12 18:15:49,053 - Created '20' parsers.
2016-08-12 18:15:49,059 - Velocimacro : "velocimacro.library" is not set.  Trying default library: VM_global_library.vm
2016-08-12 18:15:49,059 - Velocimacro : Default library not found.
2016-08-12 18:15:49,059 - Velocimacro : allowInline = true : VMs can be defined inline in templates
2016-08-12 18:15:49,059 - Velocimacro : allowInlineToOverride = false : VMs defined inline may NOT replace previous VM definitions
2016-08-12 18:15:49,059 - Velocimacro : allowInlineLocal = false : VMs defined inline will be global in scope if allowed.
2016-08-12 18:15:49,059 - Velocimacro : autoload off : VM system will not automatically reload global library macros
2016-08-12 18:15:49,192 - ResourceManager : found template/__IAPI.java.vm with loader org.apache.velocity.runtime.resource.loader.FileResourceLoader
2016-08-12 18:15:49,194 - Null reference [template 'template/__IAPI.java.vm', line 22, column 26] : ${String} cannot be resolved.
2016-08-12 18:15:49,194 - Null reference [template 'template/__IAPI.java.vm', line 29, column 43] : ${String} cannot be resolved.
2016-08-12 18:15:49,194 - Null reference [template 'template/__IAPI.java.vm', line 34, column 26] : ${String} cannot be resolved.
2016-08-12 18:15:49,194 - Null reference [template 'template/__IAPI.java.vm', line 50, column 26] : ${String} cannot be resolved.
2016-08-12 18:15:49,195 - Null reference [template 'template/__IAPI.java.vm', line 55, column 26] : ${String} cannot be resolved.
2016-08-12 18:15:49,195 - Null reference [template 'template/__IAPI.java.vm', line 61, column 43] : ${String} cannot be resolved.
2016-08-12 18:15:49,195 - Null reference [template 'template/__IAPI.java.vm', line 66, column 43] : ${String} cannot be resolved.
2016-08-12 18:15:49,195 - Null reference [template 'template/__IAPI.java.vm', line 72, column 26] : ${String} cannot be resolved.
2016-08-12 18:15:49,195 - Null reference [template 'template/__IAPI.java.vm', line 77, column 26] : ${String} cannot be resolved.
2016-08-12 18:15:49,195 - Null reference [template 'template/__IAPI.java.vm', line 82, column 43] : ${String} cannot be resolved.
2016-08-12 18:15:49,195 - Null reference [template 'template/__IAPI.java.vm', line 87, column 43] : ${String} cannot be resolved.
2016-08-12 18:15:49,195 - Null reference [template 'template/__IAPI.java.vm', line 92, column 26] : ${String} cannot be resolved.
2016-08-12 18:15:49,195 - Null reference [template 'template/__IAPI.java.vm', line 97, column 26] : ${String} cannot be resolved.
2016-08-12 18:15:49,198 - ResourceManager : found template/__APIDefaultImpl.java.vm with loader org.apache.velocity.runtime.resource.loader.FileResourceLoader
2016-08-12 18:15:49,200 - ResourceManager : found template/__IDBAPI.java.vm with loader org.apache.velocity.runtime.resource.loader.FileResourceLoader
2016-08-12 18:15:49,201 - Null reference [template 'template/__IDBAPI.java.vm', line 24, column 26] : ${String} cannot be resolved.
2016-08-12 18:15:49,201 - Null reference [template 'template/__IDBAPI.java.vm', line 31, column 43] : ${String} cannot be resolved.
2016-08-12 18:15:49,201 - Null reference [template 'template/__IDBAPI.java.vm', line 36, column 26] : ${String} cannot be resolved.
2016-08-12 18:15:49,201 - Null reference [template 'template/__IDBAPI.java.vm', line 52, column 26] : ${String} cannot be resolved.
2016-08-12 18:15:49,201 - Null reference [template 'template/__IDBAPI.java.vm', line 57, column 26] : ${String} cannot be resolved.
2016-08-12 18:15:49,201 - Null reference [template 'template/__IDBAPI.java.vm', line 63, column 43] : ${String} cannot be resolved.
2016-08-12 18:15:49,201 - Null reference [template 'template/__IDBAPI.java.vm', line 68, column 43] : ${String} cannot be resolved.
2016-08-12 18:15:49,201 - Null reference [template 'template/__IDBAPI.java.vm', line 74, column 26] : ${String} cannot be resolved.
2016-08-12 18:15:49,201 - Null reference [template 'template/__IDBAPI.java.vm', line 79, column 26] : ${String} cannot be resolved.
2016-08-12 18:15:49,201 - Null reference [template 'template/__IDBAPI.java.vm', line 84, column 43] : ${String} cannot be resolved.
2016-08-12 18:15:49,201 - Null reference [template 'template/__IDBAPI.java.vm', line 89, column 43] : ${String} cannot be resolved.
2016-08-12 18:15:49,201 - Null reference [template 'template/__IDBAPI.java.vm', line 94, column 26] : ${String} cannot be resolved.
2016-08-12 18:15:49,202 - Null reference [template 'template/__IDBAPI.java.vm', line 99, column 26] : ${String} cannot be resolved.
2016-08-12 18:15:49,202 - ResourceManager : found template/MD5Util.java.vm with loader org.apache.velocity.runtime.resource.loader.FileResourceLoader
2016-08-12 18:15:49,204 - ResourceManager : found template/PrivilegeHandlerInterceptorAdapter.java.vm with loader org.apache.velocity.runtime.resource.loader.FileResourceLoader
2016-08-12 18:15:49,204 - ResourceManager : found template/__Model.java.vm with loader org.apache.velocity.runtime.resource.loader.FileResourceLoader
2016-08-12 18:15:49,205 - ResourceManager : found template/ConfigUtil.java.vm with loader org.apache.velocity.runtime.resource.loader.FileResourceLoader
2016-08-12 18:15:49,206 - ResourceManager : found template/RandomString.java.vm with loader org.apache.velocity.runtime.resource.loader.FileResourceLoader
2016-08-12 18:15:49,206 - ResourceManager : found template/PageParam.java.vm with loader org.apache.velocity.runtime.resource.loader.FileResourceLoader
2016-08-12 18:15:49,207 - ResourceManager : found template/__Request.java.vm with loader org.apache.velocity.runtime.resource.loader.FileResourceLoader
2016-08-12 18:15:49,208 - ResourceManager : found template/IAPP.java.vm with loader org.apache.velocity.runtime.resource.loader.FileResourceLoader
2016-08-12 18:15:49,209 - ResourceManager : found template/ResourceHandlerInterceptorAdapter.java.vm with loader org.apache.velocity.runtime.resource.loader.FileResourceLoader
2016-08-12 18:15:49,210 - ResourceManager : found template/MethodUtil.java.vm with loader org.apache.velocity.runtime.resource.loader.FileResourceLoader
2016-08-12 18:15:49,210 - ResourceManager : found template/DTUtil.java.vm with loader org.apache.velocity.runtime.resource.loader.FileResourceLoader
2016-08-12 18:15:49,575 - ResourceManager : found template/_Bean.java.vm with loader org.apache.velocity.runtime.resource.loader.FileResourceLoader
2016-08-12 18:15:49,591 - ResourceManager : found template/_DBAPI.java.vm with loader org.apache.velocity.runtime.resource.loader.FileResourceLoader
2016-08-12 18:18:09,088 - Log4JLogChute initialized using file 'velocity.log'
2016-08-12 18:18:09,088 - Initializing Velocity, Calling init()...
2016-08-12 18:18:09,088 - Starting Apache Velocity v1.7 (compiled: 2010-11-19 12:14:37)
2016-08-12 18:18:09,088 - Default Properties File: org\apache\velocity\runtime\defaults\velocity.properties
2016-08-12 18:18:09,088 - Trying to use logger class org.apache.velocity.runtime.log.AvalonLogChute
2016-08-12 18:18:09,088 - Target log system for org.apache.velocity.runtime.log.AvalonLogChute is not available (java.lang.NoClassDefFoundError: org/apache/log/format/Formatter).  Falling back to next log system...
2016-08-12 18:18:09,088 - Trying to use logger class org.apache.velocity.runtime.log.Log4JLogChute
2016-08-12 18:18:09,089 - Using logger class org.apache.velocity.runtime.log.Log4JLogChute
2016-08-12 18:18:09,093 - ResourceLoader instantiated: org.apache.velocity.runtime.resource.loader.FileResourceLoader
2016-08-12 18:18:09,094 - Do unicode file recognition:  false
2016-08-12 18:18:09,094 - FileResourceLoader : adding path 'E:\javadb\space-java2\cool-java\target\classes'
2016-08-12 18:18:09,111 - ResourceCache: initialized (class org.apache.velocity.runtime.resource.ResourceCacheImpl) with class java.util.Collections$SynchronizedMap cache map.
2016-08-12 18:18:09,112 - Loaded System Directive: org.apache.velocity.runtime.directive.Stop
2016-08-12 18:18:09,113 - Loaded System Directive: org.apache.velocity.runtime.directive.Define
2016-08-12 18:18:09,114 - Loaded System Directive: org.apache.velocity.runtime.directive.Break
2016-08-12 18:18:09,115 - Loaded System Directive: org.apache.velocity.runtime.directive.Evaluate
2016-08-12 18:18:09,115 - Loaded System Directive: org.apache.velocity.runtime.directive.Literal
2016-08-12 18:18:09,116 - Loaded System Directive: org.apache.velocity.runtime.directive.Macro
2016-08-12 18:18:09,117 - Loaded System Directive: org.apache.velocity.runtime.directive.Parse
2016-08-12 18:18:09,118 - Loaded System Directive: org.apache.velocity.runtime.directive.Include
2016-08-12 18:18:09,120 - Loaded System Directive: org.apache.velocity.runtime.directive.Foreach
2016-08-12 18:18:09,160 - Created '20' parsers.
2016-08-12 18:18:09,166 - Velocimacro : "velocimacro.library" is not set.  Trying default library: VM_global_library.vm
2016-08-12 18:18:09,166 - Velocimacro : Default library not found.
2016-08-12 18:18:09,166 - Velocimacro : allowInline = true : VMs can be defined inline in templates
2016-08-12 18:18:09,166 - Velocimacro : allowInlineToOverride = false : VMs defined inline may NOT replace previous VM definitions
2016-08-12 18:18:09,166 - Velocimacro : allowInlineLocal = false : VMs defined inline will be global in scope if allowed.
2016-08-12 18:18:09,166 - Velocimacro : autoload off : VM system will not automatically reload global library macros
2016-08-12 18:18:09,262 - ResourceManager : found template/__IAPI.java.vm with loader org.apache.velocity.runtime.resource.loader.FileResourceLoader
2016-08-12 18:18:09,265 - Null reference [template 'template/__IAPI.java.vm', line 22, column 26] : ${String} cannot be resolved.
2016-08-12 18:18:09,265 - Null reference [template 'template/__IAPI.java.vm', line 29, column 43] : ${String} cannot be resolved.
2016-08-12 18:18:09,265 - Null reference [template 'template/__IAPI.java.vm', line 34, column 26] : ${String} cannot be resolved.
2016-08-12 18:18:09,265 - Null reference [template 'template/__IAPI.java.vm', line 50, column 26] : ${String} cannot be resolved.
2016-08-12 18:18:09,265 - Null reference [template 'template/__IAPI.java.vm', line 55, column 26] : ${String} cannot be resolved.
2016-08-12 18:18:09,265 - Null reference [template 'template/__IAPI.java.vm', line 61, column 43] : ${String} cannot be resolved.
2016-08-12 18:18:09,265 - Null reference [template 'template/__IAPI.java.vm', line 66, column 43] : ${String} cannot be resolved.
2016-08-12 18:18:09,265 - Null reference [template 'template/__IAPI.java.vm', line 72, column 26] : ${String} cannot be resolved.
2016-08-12 18:18:09,265 - Null reference [template 'template/__IAPI.java.vm', line 77, column 26] : ${String} cannot be resolved.
2016-08-12 18:18:09,265 - Null reference [template 'template/__IAPI.java.vm', line 82, column 43] : ${String} cannot be resolved.
2016-08-12 18:18:09,265 - Null reference [template 'template/__IAPI.java.vm', line 87, column 43] : ${String} cannot be resolved.
2016-08-12 18:18:09,265 - Null reference [template 'template/__IAPI.java.vm', line 92, column 26] : ${String} cannot be resolved.
2016-08-12 18:18:09,265 - Null reference [template 'template/__IAPI.java.vm', line 97, column 26] : ${String} cannot be resolved.
2016-08-12 18:18:09,269 - ResourceManager : found template/__APIDefaultImpl.java.vm with loader org.apache.velocity.runtime.resource.loader.FileResourceLoader
2016-08-12 18:18:09,270 - ResourceManager : found template/__IDBAPI.java.vm with loader org.apache.velocity.runtime.resource.loader.FileResourceLoader
2016-08-12 18:18:09,271 - Null reference [template 'template/__IDBAPI.java.vm', line 24, column 26] : ${String} cannot be resolved.
2016-08-12 18:18:09,271 - Null reference [template 'template/__IDBAPI.java.vm', line 31, column 43] : ${String} cannot be resolved.
2016-08-12 18:18:09,271 - Null reference [template 'template/__IDBAPI.java.vm', line 36, column 26] : ${String} cannot be resolved.
2016-08-12 18:18:09,271 - Null reference [template 'template/__IDBAPI.java.vm', line 52, column 26] : ${String} cannot be resolved.
2016-08-12 18:18:09,271 - Null reference [template 'template/__IDBAPI.java.vm', line 57, column 26] : ${String} cannot be resolved.
2016-08-12 18:18:09,271 - Null reference [template 'template/__IDBAPI.java.vm', line 63, column 43] : ${String} cannot be resolved.
2016-08-12 18:18:09,271 - Null reference [template 'template/__IDBAPI.java.vm', line 68, column 43] : ${String} cannot be resolved.
2016-08-12 18:18:09,271 - Null reference [template 'template/__IDBAPI.java.vm', line 74, column 26] : ${String} cannot be resolved.
2016-08-12 18:18:09,271 - Null reference [template 'template/__IDBAPI.java.vm', line 79, column 26] : ${String} cannot be resolved.
2016-08-12 18:18:09,271 - Null reference [template 'template/__IDBAPI.java.vm', line 84, column 43] : ${String} cannot be resolved.
2016-08-12 18:18:09,272 - Null reference [template 'template/__IDBAPI.java.vm', line 89, column 43] : ${String} cannot be resolved.
2016-08-12 18:18:09,272 - Null reference [template 'template/__IDBAPI.java.vm', line 94, column 26] : ${String} cannot be resolved.
2016-08-12 18:18:09,272 - Null reference [template 'template/__IDBAPI.java.vm', line 99, column 26] : ${String} cannot be resolved.
2016-08-12 18:18:09,272 - ResourceManager : found template/MD5Util.java.vm with loader org.apache.velocity.runtime.resource.loader.FileResourceLoader
2016-08-12 18:18:09,273 - ResourceManager : found template/PrivilegeHandlerInterceptorAdapter.java.vm with loader org.apache.velocity.runtime.resource.loader.FileResourceLoader
2016-08-12 18:18:09,274 - ResourceManager : found template/__Model.java.vm with loader org.apache.velocity.runtime.resource.loader.FileResourceLoader
2016-08-12 18:18:09,275 - ResourceManager : found template/ConfigUtil.java.vm with loader org.apache.velocity.runtime.resource.loader.FileResourceLoader
2016-08-12 18:18:09,275 - ResourceManager : found template/RandomString.java.vm with loader org.apache.velocity.runtime.resource.loader.FileResourceLoader
2016-08-12 18:18:09,276 - ResourceManager : found template/PageParam.java.vm with loader org.apache.velocity.runtime.resource.loader.FileResourceLoader
2016-08-12 18:18:09,277 - ResourceManager : found template/__Request.java.vm with loader org.apache.velocity.runtime.resource.loader.FileResourceLoader
2016-08-12 18:18:09,278 - ResourceManager : found template/IAPP.java.vm with loader org.apache.velocity.runtime.resource.loader.FileResourceLoader
2016-08-12 18:18:09,278 - ResourceManager : found template/ResourceHandlerInterceptorAdapter.java.vm with loader org.apache.velocity.runtime.resource.loader.FileResourceLoader
2016-08-12 18:18:09,279 - ResourceManager : found template/MethodUtil.java.vm with loader org.apache.velocity.runtime.resource.loader.FileResourceLoader
2016-08-12 18:18:09,280 - ResourceManager : found template/DTUtil.java.vm with loader org.apache.velocity.runtime.resource.loader.FileResourceLoader
2016-08-12 18:18:09,667 - ResourceManager : found template/_Bean.java.vm with loader org.apache.velocity.runtime.resource.loader.FileResourceLoader
2016-08-12 18:18:09,682 - ResourceManager : found template/_DBAPI.java.vm with loader org.apache.velocity.runtime.resource.loader.FileResourceLoader
2016-08-12 18:19:19,473 - Log4JLogChute initialized using file 'velocity.log'
2016-08-12 18:19:19,473 - Initializing Velocity, Calling init()...
2016-08-12 18:19:19,473 - Starting Apache Velocity v1.7 (compiled: 2010-11-19 12:14:37)
2016-08-12 18:19:19,473 - Default Properties File: org\apache\velocity\runtime\defaults\velocity.properties
2016-08-12 18:19:19,473 - Trying to use logger class org.apache.velocity.runtime.log.AvalonLogChute
2016-08-12 18:19:19,473 - Target log system for org.apache.velocity.runtime.log.AvalonLogChute is not available (java.lang.NoClassDefFoundError: org/apache/log/format/Formatter).  Falling back to next log system...
2016-08-12 18:19:19,473 - Trying to use logger class org.apache.velocity.runtime.log.Log4JLogChute
2016-08-12 18:19:19,474 - Using logger class org.apache.velocity.runtime.log.Log4JLogChute
2016-08-12 18:19:19,479 - ResourceLoader instantiated: org.apache.velocity.runtime.resource.loader.FileResourceLoader
2016-08-12 18:19:19,480 - Do unicode file recognition:  false
2016-08-12 18:19:19,480 - FileResourceLoader : adding path 'E:\javadb\space-java2\cool-java\target\classes'
2016-08-12 18:19:19,498 - ResourceCache: initialized (class org.apache.velocity.runtime.resource.ResourceCacheImpl) with class java.util.Collections$SynchronizedMap cache map.
2016-08-12 18:19:19,499 - Loaded System Directive: org.apache.velocity.runtime.directive.Stop
2016-08-12 18:19:19,500 - Loaded System Directive: org.apache.velocity.runtime.directive.Define
2016-08-12 18:19:19,501 - Loaded System Directive: org.apache.velocity.runtime.directive.Break
2016-08-12 18:19:19,502 - Loaded System Directive: org.apache.velocity.runtime.directive.Evaluate
2016-08-12 18:19:19,502 - Loaded System Directive: org.apache.velocity.runtime.directive.Literal
2016-08-12 18:19:19,503 - Loaded System Directive: org.apache.velocity.runtime.directive.Macro
2016-08-12 18:19:19,505 - Loaded System Directive: org.apache.velocity.runtime.directive.Parse
2016-08-12 18:19:19,506 - Loaded System Directive: org.apache.velocity.runtime.directive.Include
2016-08-12 18:19:19,507 - Loaded System Directive: org.apache.velocity.runtime.directive.Foreach
2016-08-12 18:19:19,547 - Created '20' parsers.
2016-08-12 18:19:19,553 - Velocimacro : "velocimacro.library" is not set.  Trying default library: VM_global_library.vm
2016-08-12 18:19:19,553 - Velocimacro : Default library not found.
2016-08-12 18:19:19,553 - Velocimacro : allowInline = true : VMs can be defined inline in templates
2016-08-12 18:19:19,553 - Velocimacro : allowInlineToOverride = false : VMs defined inline may NOT replace previous VM definitions
2016-08-12 18:19:19,553 - Velocimacro : allowInlineLocal = false : VMs defined inline will be global in scope if allowed.
2016-08-12 18:19:19,553 - Velocimacro : autoload off : VM system will not automatically reload global library macros
2016-08-12 18:19:19,631 - ResourceManager : found template/__IAPI.java.vm with loader org.apache.velocity.runtime.resource.loader.FileResourceLoader
2016-08-12 18:19:19,634 - Null reference [template 'template/__IAPI.java.vm', line 22, column 26] : ${String} cannot be resolved.
2016-08-12 18:19:19,634 - Null reference [template 'template/__IAPI.java.vm', line 29, column 43] : ${String} cannot be resolved.
2016-08-12 18:19:19,634 - Null reference [template 'template/__IAPI.java.vm', line 34, column 26] : ${String} cannot be resolved.
2016-08-12 18:19:19,634 - Null reference [template 'template/__IAPI.java.vm', line 50, column 26] : ${String} cannot be resolved.
2016-08-12 18:19:19,634 - Null reference [template 'template/__IAPI.java.vm', line 55, column 26] : ${String} cannot be resolved.
2016-08-12 18:19:19,634 - Null reference [template 'template/__IAPI.java.vm', line 61, column 43] : ${String} cannot be resolved.
2016-08-12 18:19:19,634 - Null reference [template 'template/__IAPI.java.vm', line 66, column 43] : ${String} cannot be resolved.
2016-08-12 18:19:19,634 - Null reference [template 'template/__IAPI.java.vm', line 72, column 26] : ${String} cannot be resolved.
2016-08-12 18:19:19,634 - Null reference [template 'template/__IAPI.java.vm', line 77, column 26] : ${String} cannot be resolved.
2016-08-12 18:19:19,634 - Null reference [template 'template/__IAPI.java.vm', line 82, column 43] : ${String} cannot be resolved.
2016-08-12 18:19:19,634 - Null reference [template 'template/__IAPI.java.vm', line 87, column 43] : ${String} cannot be resolved.
2016-08-12 18:19:19,634 - Null reference [template 'template/__IAPI.java.vm', line 92, column 26] : ${String} cannot be resolved.
2016-08-12 18:19:19,634 - Null reference [template 'template/__IAPI.java.vm', line 97, column 26] : ${String} cannot be resolved.
2016-08-12 18:19:19,637 - ResourceManager : found template/__APIDefaultImpl.java.vm with loader org.apache.velocity.runtime.resource.loader.FileResourceLoader
2016-08-12 18:19:19,639 - ResourceManager : found template/__IDBAPI.java.vm with loader org.apache.velocity.runtime.resource.loader.FileResourceLoader
2016-08-12 18:19:19,640 - Null reference [template 'template/__IDBAPI.java.vm', line 24, column 26] : ${String} cannot be resolved.
2016-08-12 18:19:19,640 - Null reference [template 'template/__IDBAPI.java.vm', line 31, column 43] : ${String} cannot be resolved.
2016-08-12 18:19:19,640 - Null reference [template 'template/__IDBAPI.java.vm', line 36, column 26] : ${String} cannot be resolved.
2016-08-12 18:19:19,640 - Null reference [template 'template/__IDBAPI.java.vm', line 52, column 26] : ${String} cannot be resolved.
2016-08-12 18:19:19,640 - Null reference [template 'template/__IDBAPI.java.vm', line 57, column 26] : ${String} cannot be resolved.
2016-08-12 18:19:19,640 - Null reference [template 'template/__IDBAPI.java.vm', line 63, column 43] : ${String} cannot be resolved.
2016-08-12 18:19:19,640 - Null reference [template 'template/__IDBAPI.java.vm', line 68, column 43] : ${String} cannot be resolved.
2016-08-12 18:19:19,640 - Null reference [template 'template/__IDBAPI.java.vm', line 74, column 26] : ${String} cannot be resolved.
2016-08-12 18:19:19,640 - Null reference [template 'template/__IDBAPI.java.vm', line 79, column 26] : ${String} cannot be resolved.
2016-08-12 18:19:19,640 - Null reference [template 'template/__IDBAPI.java.vm', line 84, column 43] : ${String} cannot be resolved.
2016-08-12 18:19:19,640 - Null reference [template 'template/__IDBAPI.java.vm', line 89, column 43] : ${String} cannot be resolved.
2016-08-12 18:19:19,640 - Null reference [template 'template/__IDBAPI.java.vm', line 94, column 26] : ${String} cannot be resolved.
2016-08-12 18:19:19,640 - Null reference [template 'template/__IDBAPI.java.vm', line 99, column 26] : ${String} cannot be resolved.
2016-08-12 18:19:19,641 - ResourceManager : found template/MD5Util.java.vm with loader org.apache.velocity.runtime.resource.loader.FileResourceLoader
2016-08-12 18:19:19,642 - ResourceManager : found template/PrivilegeHandlerInterceptorAdapter.java.vm with loader org.apache.velocity.runtime.resource.loader.FileResourceLoader
2016-08-12 18:19:19,643 - ResourceManager : found template/__Model.java.vm with loader org.apache.velocity.runtime.resource.loader.FileResourceLoader
2016-08-12 18:19:19,643 - ResourceManager : found template/ConfigUtil.java.vm with loader org.apache.velocity.runtime.resource.loader.FileResourceLoader
2016-08-12 18:19:19,644 - ResourceManager : found template/RandomString.java.vm with loader org.apache.velocity.runtime.resource.loader.FileResourceLoader
2016-08-12 18:19:19,645 - ResourceManager : found template/PageParam.java.vm with loader org.apache.velocity.runtime.resource.loader.FileResourceLoader
2016-08-12 18:19:19,645 - ResourceManager : found template/__Request.java.vm with loader org.apache.velocity.runtime.resource.loader.FileResourceLoader
2016-08-12 18:19:19,646 - ResourceManager : found template/IAPP.java.vm with loader org.apache.velocity.runtime.resource.loader.FileResourceLoader
2016-08-12 18:19:19,647 - ResourceManager : found template/ResourceHandlerInterceptorAdapter.java.vm with loader org.apache.velocity.runtime.resource.loader.FileResourceLoader
2016-08-12 18:19:19,648 - ResourceManager : found template/MethodUtil.java.vm with loader org.apache.velocity.runtime.resource.loader.FileResourceLoader
2016-08-12 18:19:19,648 - ResourceManager : found template/DTUtil.java.vm with loader org.apache.velocity.runtime.resource.loader.FileResourceLoader
2016-08-12 18:19:20,016 - ResourceManager : found template/_Bean.java.vm with loader org.apache.velocity.runtime.resource.loader.FileResourceLoader
2016-08-12 18:19:20,033 - ResourceManager : found template/_DBAPI.java.vm with loader org.apache.velocity.runtime.resource.loader.FileResourceLoader
2016-08-12 18:20:22,461 - Log4JLogChute initialized using file 'velocity.log'
2016-08-12 18:20:22,462 - Initializing Velocity, Calling init()...
2016-08-12 18:20:22,462 - Starting Apache Velocity v1.7 (compiled: 2010-11-19 12:14:37)
2016-08-12 18:20:22,462 - Default Properties File: org\apache\velocity\runtime\defaults\velocity.properties
2016-08-12 18:20:22,462 - Trying to use logger class org.apache.velocity.runtime.log.AvalonLogChute
2016-08-12 18:20:22,462 - Target log system for org.apache.velocity.runtime.log.AvalonLogChute is not available (java.lang.NoClassDefFoundError: org/apache/log/format/Formatter).  Falling back to next log system...
2016-08-12 18:20:22,462 - Trying to use logger class org.apache.velocity.runtime.log.Log4JLogChute
2016-08-12 18:20:22,462 - Using logger class org.apache.velocity.runtime.log.Log4JLogChute
2016-08-12 18:20:22,467 - ResourceLoader instantiated: org.apache.velocity.runtime.resource.loader.FileResourceLoader
2016-08-12 18:20:22,469 - Do unicode file recognition:  false
2016-08-12 18:20:22,469 - FileResourceLoader : adding path 'E:\javadb\space-java2\cool-java\target\classes'
2016-08-12 18:20:22,487 - ResourceCache: initialized (class org.apache.velocity.runtime.resource.ResourceCacheImpl) with class java.util.Collections$SynchronizedMap cache map.
2016-08-12 18:20:22,490 - Loaded System Directive: org.apache.velocity.runtime.directive.Stop
2016-08-12 18:20:22,491 - Loaded System Directive: org.apache.velocity.runtime.directive.Define
2016-08-12 18:20:22,491 - Loaded System Directive: org.apache.velocity.runtime.directive.Break
2016-08-12 18:20:22,494 - Loaded System Directive: org.apache.velocity.runtime.directive.Evaluate
2016-08-12 18:20:22,495 - Loaded System Directive: org.apache.velocity.runtime.directive.Literal
2016-08-12 18:20:22,496 - Loaded System Directive: org.apache.velocity.runtime.directive.Macro
2016-08-12 18:20:22,498 - Loaded System Directive: org.apache.velocity.runtime.directive.Parse
2016-08-12 18:20:22,499 - Loaded System Directive: org.apache.velocity.runtime.directive.Include
2016-08-12 18:20:22,500 - Loaded System Directive: org.apache.velocity.runtime.directive.Foreach
2016-08-12 18:20:22,540 - Created '20' parsers.
2016-08-12 18:20:22,546 - Velocimacro : "velocimacro.library" is not set.  Trying default library: VM_global_library.vm
2016-08-12 18:20:22,546 - Velocimacro : Default library not found.
2016-08-12 18:20:22,546 - Velocimacro : allowInline = true : VMs can be defined inline in templates
2016-08-12 18:20:22,546 - Velocimacro : allowInlineToOverride = false : VMs defined inline may NOT replace previous VM definitions
2016-08-12 18:20:22,546 - Velocimacro : allowInlineLocal = false : VMs defined inline will be global in scope if allowed.
2016-08-12 18:20:22,546 - Velocimacro : autoload off : VM system will not automatically reload global library macros
2016-08-12 18:20:22,688 - ResourceManager : found template/__IAPI.java.vm with loader org.apache.velocity.runtime.resource.loader.FileResourceLoader
2016-08-12 18:20:22,690 - Null reference [template 'template/__IAPI.java.vm', line 22, column 26] : ${String} cannot be resolved.
2016-08-12 18:20:22,690 - Null reference [template 'template/__IAPI.java.vm', line 29, column 43] : ${String} cannot be resolved.
2016-08-12 18:20:22,690 - Null reference [template 'template/__IAPI.java.vm', line 34, column 26] : ${String} cannot be resolved.
2016-08-12 18:20:22,690 - Null reference [template 'template/__IAPI.java.vm', line 50, column 26] : ${String} cannot be resolved.
2016-08-12 18:20:22,690 - Null reference [template 'template/__IAPI.java.vm', line 55, column 26] : ${String} cannot be resolved.
2016-08-12 18:20:22,690 - Null reference [template 'template/__IAPI.java.vm', line 61, column 43] : ${String} cannot be resolved.
2016-08-12 18:20:22,690 - Null reference [template 'template/__IAPI.java.vm', line 66, column 43] : ${String} cannot be resolved.
2016-08-12 18:20:22,690 - Null reference [template 'template/__IAPI.java.vm', line 72, column 26] : ${String} cannot be resolved.
2016-08-12 18:20:22,690 - Null reference [template 'template/__IAPI.java.vm', line 77, column 26] : ${String} cannot be resolved.
2016-08-12 18:20:22,690 - Null reference [template 'template/__IAPI.java.vm', line 82, column 43] : ${String} cannot be resolved.
2016-08-12 18:20:22,690 - Null reference [template 'template/__IAPI.java.vm', line 87, column 43] : ${String} cannot be resolved.
2016-08-12 18:20:22,690 - Null reference [template 'template/__IAPI.java.vm', line 92, column 26] : ${String} cannot be resolved.
2016-08-12 18:20:22,690 - Null reference [template 'template/__IAPI.java.vm', line 97, column 26] : ${String} cannot be resolved.
2016-08-12 18:20:22,694 - ResourceManager : found template/__APIDefaultImpl.java.vm with loader org.apache.velocity.runtime.resource.loader.FileResourceLoader
2016-08-12 18:20:22,696 - ResourceManager : found template/__IDBAPI.java.vm with loader org.apache.velocity.runtime.resource.loader.FileResourceLoader
2016-08-12 18:20:22,697 - Null reference [template 'template/__IDBAPI.java.vm', line 24, column 26] : ${String} cannot be resolved.
2016-08-12 18:20:22,697 - Null reference [template 'template/__IDBAPI.java.vm', line 31, column 43] : ${String} cannot be resolved.
2016-08-12 18:20:22,697 - Null reference [template 'template/__IDBAPI.java.vm', line 36, column 26] : ${String} cannot be resolved.
2016-08-12 18:20:22,697 - Null reference [template 'template/__IDBAPI.java.vm', line 52, column 26] : ${String} cannot be resolved.
2016-08-12 18:20:22,697 - Null reference [template 'template/__IDBAPI.java.vm', line 57, column 26] : ${String} cannot be resolved.
2016-08-12 18:20:22,697 - Null reference [template 'template/__IDBAPI.java.vm', line 63, column 43] : ${String} cannot be resolved.
2016-08-12 18:20:22,697 - Null reference [template 'template/__IDBAPI.java.vm', line 68, column 43] : ${String} cannot be resolved.
2016-08-12 18:20:22,697 - Null reference [template 'template/__IDBAPI.java.vm', line 74, column 26] : ${String} cannot be resolved.
2016-08-12 18:20:22,697 - Null reference [template 'template/__IDBAPI.java.vm', line 79, column 26] : ${String} cannot be resolved.
2016-08-12 18:20:22,697 - Null reference [template 'template/__IDBAPI.java.vm', line 84, column 43] : ${String} cannot be resolved.
2016-08-12 18:20:22,697 - Null reference [template 'template/__IDBAPI.java.vm', line 89, column 43] : ${String} cannot be resolved.
2016-08-12 18:20:22,697 - Null reference [template 'template/__IDBAPI.java.vm', line 94, column 26] : ${String} cannot be resolved.
2016-08-12 18:20:22,697 - Null reference [template 'template/__IDBAPI.java.vm', line 99, column 26] : ${String} cannot be resolved.
2016-08-12 18:20:22,698 - ResourceManager : found template/MD5Util.java.vm with loader org.apache.velocity.runtime.resource.loader.FileResourceLoader
2016-08-12 18:20:22,699 - ResourceManager : found template/PrivilegeHandlerInterceptorAdapter.java.vm with loader org.apache.velocity.runtime.resource.loader.FileResourceLoader
2016-08-12 18:20:22,700 - ResourceManager : found template/__Model.java.vm with loader org.apache.velocity.runtime.resource.loader.FileResourceLoader
2016-08-12 18:20:22,700 - ResourceManager : found template/ConfigUtil.java.vm with loader org.apache.velocity.runtime.resource.loader.FileResourceLoader
2016-08-12 18:20:22,701 - ResourceManager : found template/RandomString.java.vm with loader org.apache.velocity.runtime.resource.loader.FileResourceLoader
2016-08-12 18:20:22,702 - ResourceManager : found template/PageParam.java.vm with loader org.apache.velocity.runtime.resource.loader.FileResourceLoader
2016-08-12 18:20:22,702 - ResourceManager : found template/__Request.java.vm with loader org.apache.velocity.runtime.resource.loader.FileResourceLoader
2016-08-12 18:20:22,703 - ResourceManager : found template/IAPP.java.vm with loader org.apache.velocity.runtime.resource.loader.FileResourceLoader
2016-08-12 18:20:22,704 - ResourceManager : found template/ResourceHandlerInterceptorAdapter.java.vm with loader org.apache.velocity.runtime.resource.loader.FileResourceLoader
2016-08-12 18:20:22,705 - ResourceManager : found template/MethodUtil.java.vm with loader org.apache.velocity.runtime.resource.loader.FileResourceLoader
2016-08-12 18:20:22,705 - ResourceManager : found template/DTUtil.java.vm with loader org.apache.velocity.runtime.resource.loader.FileResourceLoader
2016-08-12 18:20:23,068 - ResourceManager : found template/_Bean.java.vm with loader org.apache.velocity.runtime.resource.loader.FileResourceLoader
2016-08-12 18:20:23,090 - ResourceManager : found template/_DBAPI.java.vm with loader org.apache.velocity.runtime.resource.loader.FileResourceLoader
2016-08-12 18:21:04,049 - Log4JLogChute initialized using file 'velocity.log'
2016-08-12 18:21:04,049 - Initializing Velocity, Calling init()...
2016-08-12 18:21:04,049 - Starting Apache Velocity v1.7 (compiled: 2010-11-19 12:14:37)
2016-08-12 18:21:04,049 - Default Properties File: org\apache\velocity\runtime\defaults\velocity.properties
2016-08-12 18:21:04,049 - Trying to use logger class org.apache.velocity.runtime.log.AvalonLogChute
2016-08-12 18:21:04,049 - Target log system for org.apache.velocity.runtime.log.AvalonLogChute is not available (java.lang.NoClassDefFoundError: org/apache/log/format/Formatter).  Falling back to next log system...
2016-08-12 18:21:04,049 - Trying to use logger class org.apache.velocity.runtime.log.Log4JLogChute
2016-08-12 18:21:04,049 - Using logger class org.apache.velocity.runtime.log.Log4JLogChute
2016-08-12 18:21:04,054 - ResourceLoader instantiated: org.apache.velocity.runtime.resource.loader.FileResourceLoader
2016-08-12 18:21:04,055 - Do unicode file recognition:  false
2016-08-12 18:21:04,055 - FileResourceLoader : adding path 'E:\javadb\space-java2\cool-java\target\classes'
2016-08-12 18:21:04,071 - ResourceCache: initialized (class org.apache.velocity.runtime.resource.ResourceCacheImpl) with class java.util.Collections$SynchronizedMap cache map.
2016-08-12 18:21:04,073 - Loaded System Directive: org.apache.velocity.runtime.directive.Stop
2016-08-12 18:21:04,074 - Loaded System Directive: org.apache.velocity.runtime.directive.Define
2016-08-12 18:21:04,074 - Loaded System Directive: org.apache.velocity.runtime.directive.Break
2016-08-12 18:21:04,075 - Loaded System Directive: org.apache.velocity.runtime.directive.Evaluate
2016-08-12 18:21:04,075 - Loaded System Directive: org.apache.velocity.runtime.directive.Literal
2016-08-12 18:21:04,076 - Loaded System Directive: org.apache.velocity.runtime.directive.Macro
2016-08-12 18:21:04,078 - Loaded System Directive: org.apache.velocity.runtime.directive.Parse
2016-08-12 18:21:04,079 - Loaded System Directive: org.apache.velocity.runtime.directive.Include
2016-08-12 18:21:04,080 - Loaded System Directive: org.apache.velocity.runtime.directive.Foreach
2016-08-12 18:21:04,120 - Created '20' parsers.
2016-08-12 18:21:04,125 - Velocimacro : "velocimacro.library" is not set.  Trying default library: VM_global_library.vm
2016-08-12 18:21:04,126 - Velocimacro : Default library not found.
2016-08-12 18:21:04,126 - Velocimacro : allowInline = true : VMs can be defined inline in templates
2016-08-12 18:21:04,126 - Velocimacro : allowInlineToOverride = false : VMs defined inline may NOT replace previous VM definitions
2016-08-12 18:21:04,126 - Velocimacro : allowInlineLocal = false : VMs defined inline will be global in scope if allowed.
2016-08-12 18:21:04,126 - Velocimacro : autoload off : VM system will not automatically reload global library macros
2016-08-12 18:21:04,235 - ResourceManager : found template/__IAPI.java.vm with loader org.apache.velocity.runtime.resource.loader.FileResourceLoader
2016-08-12 18:21:04,237 - Null reference [template 'template/__IAPI.java.vm', line 22, column 26] : ${String} cannot be resolved.
2016-08-12 18:21:04,237 - Null reference [template 'template/__IAPI.java.vm', line 29, column 43] : ${String} cannot be resolved.
2016-08-12 18:21:04,237 - Null reference [template 'template/__IAPI.java.vm', line 34, column 26] : ${String} cannot be resolved.
2016-08-12 18:21:04,237 - Null reference [template 'template/__IAPI.java.vm', line 50, column 26] : ${String} cannot be resolved.
2016-08-12 18:21:04,237 - Null reference [template 'template/__IAPI.java.vm', line 55, column 26] : ${String} cannot be resolved.
2016-08-12 18:21:04,237 - Null reference [template 'template/__IAPI.java.vm', line 61, column 43] : ${String} cannot be resolved.
2016-08-12 18:21:04,237 - Null reference [template 'template/__IAPI.java.vm', line 66, column 43] : ${String} cannot be resolved.
2016-08-12 18:21:04,237 - Null reference [template 'template/__IAPI.java.vm', line 72, column 26] : ${String} cannot be resolved.
2016-08-12 18:21:04,237 - Null reference [template 'template/__IAPI.java.vm', line 77, column 26] : ${String} cannot be resolved.
2016-08-12 18:21:04,237 - Null reference [template 'template/__IAPI.java.vm', line 82, column 43] : ${String} cannot be resolved.
2016-08-12 18:21:04,237 - Null reference [template 'template/__IAPI.java.vm', line 87, column 43] : ${String} cannot be resolved.
2016-08-12 18:21:04,237 - Null reference [template 'template/__IAPI.java.vm', line 92, column 26] : ${String} cannot be resolved.
2016-08-12 18:21:04,237 - Null reference [template 'template/__IAPI.java.vm', line 97, column 26] : ${String} cannot be resolved.
2016-08-12 18:21:04,241 - ResourceManager : found template/__APIDefaultImpl.java.vm with loader org.apache.velocity.runtime.resource.loader.FileResourceLoader
2016-08-12 18:21:04,243 - ResourceManager : found template/__IDBAPI.java.vm with loader org.apache.velocity.runtime.resource.loader.FileResourceLoader
2016-08-12 18:21:04,243 - Null reference [template 'template/__IDBAPI.java.vm', line 24, column 26] : ${String} cannot be resolved.
2016-08-12 18:21:04,243 - Null reference [template 'template/__IDBAPI.java.vm', line 31, column 43] : ${String} cannot be resolved.
2016-08-12 18:21:04,243 - Null reference [template 'template/__IDBAPI.java.vm', line 36, column 26] : ${String} cannot be resolved.
2016-08-12 18:21:04,243 - Null reference [template 'template/__IDBAPI.java.vm', line 52, column 26] : ${String} cannot be resolved.
2016-08-12 18:21:04,243 - Null reference [template 'template/__IDBAPI.java.vm', line 57, column 26] : ${String} cannot be resolved.
2016-08-12 18:21:04,243 - Null reference [template 'template/__IDBAPI.java.vm', line 63, column 43] : ${String} cannot be resolved.
2016-08-12 18:21:04,243 - Null reference [template 'template/__IDBAPI.java.vm', line 68, column 43] : ${String} cannot be resolved.
2016-08-12 18:21:04,243 - Null reference [template 'template/__IDBAPI.java.vm', line 74, column 26] : ${String} cannot be resolved.
2016-08-12 18:21:04,243 - Null reference [template 'template/__IDBAPI.java.vm', line 79, column 26] : ${String} cannot be resolved.
2016-08-12 18:21:04,243 - Null reference [template 'template/__IDBAPI.java.vm', line 84, column 43] : ${String} cannot be resolved.
2016-08-12 18:21:04,243 - Null reference [template 'template/__IDBAPI.java.vm', line 89, column 43] : ${String} cannot be resolved.
2016-08-12 18:21:04,243 - Null reference [template 'template/__IDBAPI.java.vm', line 94, column 26] : ${String} cannot be resolved.
2016-08-12 18:21:04,243 - Null reference [template 'template/__IDBAPI.java.vm', line 99, column 26] : ${String} cannot be resolved.
2016-08-12 18:21:04,244 - ResourceManager : found template/MD5Util.java.vm with loader org.apache.velocity.runtime.resource.loader.FileResourceLoader
2016-08-12 18:21:04,245 - ResourceManager : found template/PrivilegeHandlerInterceptorAdapter.java.vm with loader org.apache.velocity.runtime.resource.loader.FileResourceLoader
2016-08-12 18:21:04,246 - ResourceManager : found template/__Model.java.vm with loader org.apache.velocity.runtime.resource.loader.FileResourceLoader
2016-08-12 18:21:04,246 - ResourceManager : found template/ConfigUtil.java.vm with loader org.apache.velocity.runtime.resource.loader.FileResourceLoader
2016-08-12 18:21:04,247 - ResourceManager : found template/RandomString.java.vm with loader org.apache.velocity.runtime.resource.loader.FileResourceLoader
2016-08-12 18:21:04,248 - ResourceManager : found template/PageParam.java.vm with loader org.apache.velocity.runtime.resource.loader.FileResourceLoader
2016-08-12 18:21:04,249 - ResourceManager : found template/__Request.java.vm with loader org.apache.velocity.runtime.resource.loader.FileResourceLoader
2016-08-12 18:21:04,249 - ResourceManager : found template/IAPP.java.vm with loader org.apache.velocity.runtime.resource.loader.FileResourceLoader
2016-08-12 18:21:04,250 - ResourceManager : found template/ResourceHandlerInterceptorAdapter.java.vm with loader org.apache.velocity.runtime.resource.loader.FileResourceLoader
2016-08-12 18:21:04,251 - ResourceManager : found template/MethodUtil.java.vm with loader org.apache.velocity.runtime.resource.loader.FileResourceLoader
2016-08-12 18:21:04,252 - ResourceManager : found template/DTUtil.java.vm with loader org.apache.velocity.runtime.resource.loader.FileResourceLoader
2016-08-12 18:21:04,615 - ResourceManager : found template/_Bean.java.vm with loader org.apache.velocity.runtime.resource.loader.FileResourceLoader
2016-08-12 18:21:04,632 - ResourceManager : found template/_DBAPI.java.vm with loader org.apache.velocity.runtime.resource.loader.FileResourceLoader
2016-08-12 18:21:57,413 - Log4JLogChute initialized using file 'velocity.log'
2016-08-12 18:21:57,414 - Initializing Velocity, Calling init()...
2016-08-12 18:21:57,414 - Starting Apache Velocity v1.7 (compiled: 2010-11-19 12:14:37)
2016-08-12 18:21:57,414 - Default Properties File: org\apache\velocity\runtime\defaults\velocity.properties
2016-08-12 18:21:57,414 - Trying to use logger class org.apache.velocity.runtime.log.AvalonLogChute
2016-08-12 18:21:57,414 - Target log system for org.apache.velocity.runtime.log.AvalonLogChute is not available (java.lang.NoClassDefFoundError: org/apache/log/format/Formatter).  Falling back to next log system...
2016-08-12 18:21:57,414 - Trying to use logger class org.apache.velocity.runtime.log.Log4JLogChute
2016-08-12 18:21:57,414 - Using logger class org.apache.velocity.runtime.log.Log4JLogChute
2016-08-12 18:21:57,419 - ResourceLoader instantiated: org.apache.velocity.runtime.resource.loader.FileResourceLoader
2016-08-12 18:21:57,420 - Do unicode file recognition:  false
2016-08-12 18:21:57,420 - FileResourceLoader : adding path 'E:\javadb\space-java2\cool-java\target\classes'
2016-08-12 18:21:57,435 - ResourceCache: initialized (class org.apache.velocity.runtime.resource.ResourceCacheImpl) with class java.util.Collections$SynchronizedMap cache map.
2016-08-12 18:21:57,437 - Loaded System Directive: org.apache.velocity.runtime.directive.Stop
2016-08-12 18:21:57,438 - Loaded System Directive: org.apache.velocity.runtime.directive.Define
2016-08-12 18:21:57,438 - Loaded System Directive: org.apache.velocity.runtime.directive.Break
2016-08-12 18:21:57,439 - Loaded System Directive: org.apache.velocity.runtime.directive.Evaluate
2016-08-12 18:21:57,440 - Loaded System Directive: org.apache.velocity.runtime.directive.Literal
2016-08-12 18:21:57,441 - Loaded System Directive: org.apache.velocity.runtime.directive.Macro
2016-08-12 18:21:57,442 - Loaded System Directive: org.apache.velocity.runtime.directive.Parse
2016-08-12 18:21:57,444 - Loaded System Directive: org.apache.velocity.runtime.directive.Include
2016-08-12 18:21:57,445 - Loaded System Directive: org.apache.velocity.runtime.directive.Foreach
2016-08-12 18:21:57,483 - Created '20' parsers.
2016-08-12 18:21:57,489 - Velocimacro : "velocimacro.library" is not set.  Trying default library: VM_global_library.vm
2016-08-12 18:21:57,489 - Velocimacro : Default library not found.
2016-08-12 18:21:57,489 - Velocimacro : allowInline = true : VMs can be defined inline in templates
2016-08-12 18:21:57,489 - Velocimacro : allowInlineToOverride = false : VMs defined inline may NOT replace previous VM definitions
2016-08-12 18:21:57,489 - Velocimacro : allowInlineLocal = false : VMs defined inline will be global in scope if allowed.
2016-08-12 18:21:57,489 - Velocimacro : autoload off : VM system will not automatically reload global library macros
2016-08-12 18:21:57,601 - ResourceManager : found template/__IAPI.java.vm with loader org.apache.velocity.runtime.resource.loader.FileResourceLoader
2016-08-12 18:21:57,603 - Null reference [template 'template/__IAPI.java.vm', line 22, column 26] : ${String} cannot be resolved.
2016-08-12 18:21:57,603 - Null reference [template 'template/__IAPI.java.vm', line 29, column 43] : ${String} cannot be resolved.
2016-08-12 18:21:57,603 - Null reference [template 'template/__IAPI.java.vm', line 34, column 26] : ${String} cannot be resolved.
2016-08-12 18:21:57,603 - Null reference [template 'template/__IAPI.java.vm', line 50, column 26] : ${String} cannot be resolved.
2016-08-12 18:21:57,603 - Null reference [template 'template/__IAPI.java.vm', line 55, column 26] : ${String} cannot be resolved.
2016-08-12 18:21:57,603 - Null reference [template 'template/__IAPI.java.vm', line 61, column 43] : ${String} cannot be resolved.
2016-08-12 18:21:57,603 - Null reference [template 'template/__IAPI.java.vm', line 66, column 43] : ${String} cannot be resolved.
2016-08-12 18:21:57,604 - Null reference [template 'template/__IAPI.java.vm', line 72, column 26] : ${String} cannot be resolved.
2016-08-12 18:21:57,604 - Null reference [template 'template/__IAPI.java.vm', line 77, column 26] : ${String} cannot be resolved.
2016-08-12 18:21:57,604 - Null reference [template 'template/__IAPI.java.vm', line 82, column 43] : ${String} cannot be resolved.
2016-08-12 18:21:57,604 - Null reference [template 'template/__IAPI.java.vm', line 87, column 43] : ${String} cannot be resolved.
2016-08-12 18:21:57,604 - Null reference [template 'template/__IAPI.java.vm', line 92, column 26] : ${String} cannot be resolved.
2016-08-12 18:21:57,604 - Null reference [template 'template/__IAPI.java.vm', line 97, column 26] : ${String} cannot be resolved.
2016-08-12 18:21:57,607 - ResourceManager : found template/__APIDefaultImpl.java.vm with loader org.apache.velocity.runtime.resource.loader.FileResourceLoader
2016-08-12 18:21:57,609 - ResourceManager : found template/__IDBAPI.java.vm with loader org.apache.velocity.runtime.resource.loader.FileResourceLoader
2016-08-12 18:21:57,609 - Null reference [template 'template/__IDBAPI.java.vm', line 24, column 26] : ${String} cannot be resolved.
2016-08-12 18:21:57,609 - Null reference [template 'template/__IDBAPI.java.vm', line 31, column 43] : ${String} cannot be resolved.
2016-08-12 18:21:57,609 - Null reference [template 'template/__IDBAPI.java.vm', line 36, column 26] : ${String} cannot be resolved.
2016-08-12 18:21:57,609 - Null reference [template 'template/__IDBAPI.java.vm', line 52, column 26] : ${String} cannot be resolved.
2016-08-12 18:21:57,610 - Null reference [template 'template/__IDBAPI.java.vm', line 57, column 26] : ${String} cannot be resolved.
2016-08-12 18:21:57,610 - Null reference [template 'template/__IDBAPI.java.vm', line 63, column 43] : ${String} cannot be resolved.
2016-08-12 18:21:57,610 - Null reference [template 'template/__IDBAPI.java.vm', line 68, column 43] : ${String} cannot be resolved.
2016-08-12 18:21:57,610 - Null reference [template 'template/__IDBAPI.java.vm', line 74, column 26] : ${String} cannot be resolved.
2016-08-12 18:21:57,610 - Null reference [template 'template/__IDBAPI.java.vm', line 79, column 26] : ${String} cannot be resolved.
2016-08-12 18:21:57,610 - Null reference [template 'template/__IDBAPI.java.vm', line 84, column 43] : ${String} cannot be resolved.
2016-08-12 18:21:57,610 - Null reference [template 'template/__IDBAPI.java.vm', line 89, column 43] : ${String} cannot be resolved.
2016-08-12 18:21:57,610 - Null reference [template 'template/__IDBAPI.java.vm', line 94, column 26] : ${String} cannot be resolved.
2016-08-12 18:21:57,610 - Null reference [template 'template/__IDBAPI.java.vm', line 99, column 26] : ${String} cannot be resolved.
2016-08-12 18:21:57,610 - ResourceManager : found template/MD5Util.java.vm with loader org.apache.velocity.runtime.resource.loader.FileResourceLoader
2016-08-12 18:21:57,611 - ResourceManager : found template/PrivilegeHandlerInterceptorAdapter.java.vm with loader org.apache.velocity.runtime.resource.loader.FileResourceLoader
2016-08-12 18:21:57,612 - ResourceManager : found template/__Model.java.vm with loader org.apache.velocity.runtime.resource.loader.FileResourceLoader
2016-08-12 18:21:57,613 - ResourceManager : found template/ConfigUtil.java.vm with loader org.apache.velocity.runtime.resource.loader.FileResourceLoader
2016-08-12 18:21:57,613 - ResourceManager : found template/RandomString.java.vm with loader org.apache.velocity.runtime.resource.loader.FileResourceLoader
2016-08-12 18:21:57,614 - ResourceManager : found template/PageParam.java.vm with loader org.apache.velocity.runtime.resource.loader.FileResourceLoader
2016-08-12 18:21:57,615 - ResourceManager : found template/__Request.java.vm with loader org.apache.velocity.runtime.resource.loader.FileResourceLoader
2016-08-12 18:21:57,616 - ResourceManager : found template/IAPP.java.vm with loader org.apache.velocity.runtime.resource.loader.FileResourceLoader
2016-08-12 18:21:57,616 - ResourceManager : found template/ResourceHandlerInterceptorAdapter.java.vm with loader org.apache.velocity.runtime.resource.loader.FileResourceLoader
2016-08-12 18:21:57,617 - ResourceManager : found template/MethodUtil.java.vm with loader org.apache.velocity.runtime.resource.loader.FileResourceLoader
2016-08-12 18:21:57,618 - ResourceManager : found template/DTUtil.java.vm with loader org.apache.velocity.runtime.resource.loader.FileResourceLoader
2016-08-12 18:21:57,981 - ResourceManager : found template/_Bean.java.vm with loader org.apache.velocity.runtime.resource.loader.FileResourceLoader
2016-08-12 18:21:57,997 - ResourceManager : found template/_DBAPI.java.vm with loader org.apache.velocity.runtime.resource.loader.FileResourceLoader
2016-08-12 18:28:09,585 - Log4JLogChute initialized using file 'velocity.log'
2016-08-12 18:28:09,607 - Initializing Velocity, Calling init()...
2016-08-12 18:28:09,607 - Starting Apache Velocity v1.7 (compiled: 2010-11-19 12:14:37)
2016-08-12 18:28:09,607 - Default Properties File: org\apache\velocity\runtime\defaults\velocity.properties
2016-08-12 18:28:09,607 - Trying to use logger class org.apache.velocity.runtime.log.AvalonLogChute
2016-08-12 18:28:09,607 - Target log system for org.apache.velocity.runtime.log.AvalonLogChute is not available (java.lang.NoClassDefFoundError: org/apache/log/format/Formatter).  Falling back to next log system...
2016-08-12 18:28:09,607 - Trying to use logger class org.apache.velocity.runtime.log.Log4JLogChute
2016-08-12 18:28:09,607 - Using logger class org.apache.velocity.runtime.log.Log4JLogChute
2016-08-12 18:28:09,614 - ResourceLoader instantiated: org.apache.velocity.runtime.resource.loader.FileResourceLoader
2016-08-12 18:28:09,615 - Do unicode file recognition:  false
2016-08-12 18:28:09,615 - FileResourceLoader : adding path 'E:\javadb\space-java2\cool-java\target\classes'
2016-08-12 18:28:09,631 - ResourceCache: initialized (class org.apache.velocity.runtime.resource.ResourceCacheImpl) with class java.util.Collections$SynchronizedMap cache map.
2016-08-12 18:28:09,632 - Loaded System Directive: org.apache.velocity.runtime.directive.Stop
2016-08-12 18:28:09,633 - Loaded System Directive: org.apache.velocity.runtime.directive.Define
2016-08-12 18:28:09,634 - Loaded System Directive: org.apache.velocity.runtime.directive.Break
2016-08-12 18:28:09,635 - Loaded System Directive: org.apache.velocity.runtime.directive.Evaluate
2016-08-12 18:28:09,635 - Loaded System Directive: org.apache.velocity.runtime.directive.Literal
2016-08-12 18:28:09,636 - Loaded System Directive: org.apache.velocity.runtime.directive.Macro
2016-08-12 18:28:09,637 - Loaded System Directive: org.apache.velocity.runtime.directive.Parse
2016-08-12 18:28:09,639 - Loaded System Directive: org.apache.velocity.runtime.directive.Include
2016-08-12 18:28:09,640 - Loaded System Directive: org.apache.velocity.runtime.directive.Foreach
2016-08-12 18:28:09,678 - Created '20' parsers.
2016-08-12 18:28:09,683 - Velocimacro : "velocimacro.library" is not set.  Trying default library: VM_global_library.vm
2016-08-12 18:28:09,683 - Velocimacro : Default library not found.
2016-08-12 18:28:09,683 - Velocimacro : allowInline = true : VMs can be defined inline in templates
2016-08-12 18:28:09,683 - Velocimacro : allowInlineToOverride = false : VMs defined inline may NOT replace previous VM definitions
2016-08-12 18:28:09,683 - Velocimacro : allowInlineLocal = false : VMs defined inline will be global in scope if allowed.
2016-08-12 18:28:09,683 - Velocimacro : autoload off : VM system will not automatically reload global library macros
2016-08-12 18:28:09,830 - ResourceManager : found template/__IAPI.java.vm with loader org.apache.velocity.runtime.resource.loader.FileResourceLoader
2016-08-12 18:28:09,832 - Null reference [template 'template/__IAPI.java.vm', line 22, column 26] : ${String} cannot be resolved.
2016-08-12 18:28:09,832 - Null reference [template 'template/__IAPI.java.vm', line 29, column 43] : ${String} cannot be resolved.
2016-08-12 18:28:09,832 - Null reference [template 'template/__IAPI.java.vm', line 34, column 26] : ${String} cannot be resolved.
2016-08-12 18:28:09,832 - Null reference [template 'template/__IAPI.java.vm', line 50, column 26] : ${String} cannot be resolved.
2016-08-12 18:28:09,832 - Null reference [template 'template/__IAPI.java.vm', line 55, column 26] : ${String} cannot be resolved.
2016-08-12 18:28:09,832 - Null reference [template 'template/__IAPI.java.vm', line 61, column 43] : ${String} cannot be resolved.
2016-08-12 18:28:09,832 - Null reference [template 'template/__IAPI.java.vm', line 66, column 43] : ${String} cannot be resolved.
2016-08-12 18:28:09,832 - Null reference [template 'template/__IAPI.java.vm', line 72, column 26] : ${String} cannot be resolved.
2016-08-12 18:28:09,832 - Null reference [template 'template/__IAPI.java.vm', line 77, column 26] : ${String} cannot be resolved.
2016-08-12 18:28:09,832 - Null reference [template 'template/__IAPI.java.vm', line 82, column 43] : ${String} cannot be resolved.
2016-08-12 18:28:09,832 - Null reference [template 'template/__IAPI.java.vm', line 87, column 43] : ${String} cannot be resolved.
2016-08-12 18:28:09,832 - Null reference [template 'template/__IAPI.java.vm', line 92, column 26] : ${String} cannot be resolved.
2016-08-12 18:28:09,833 - Null reference [template 'template/__IAPI.java.vm', line 97, column 26] : ${String} cannot be resolved.
2016-08-12 18:28:09,836 - ResourceManager : found template/__APIDefaultImpl.java.vm with loader org.apache.velocity.runtime.resource.loader.FileResourceLoader
2016-08-12 18:28:09,838 - ResourceManager : found template/__IDBAPI.java.vm with loader org.apache.velocity.runtime.resource.loader.FileResourceLoader
2016-08-12 18:28:09,838 - Null reference [template 'template/__IDBAPI.java.vm', line 24, column 26] : ${String} cannot be resolved.
2016-08-12 18:28:09,838 - Null reference [template 'template/__IDBAPI.java.vm', line 31, column 43] : ${String} cannot be resolved.
2016-08-12 18:28:09,838 - Null reference [template 'template/__IDBAPI.java.vm', line 36, column 26] : ${String} cannot be resolved.
2016-08-12 18:28:09,838 - Null reference [template 'template/__IDBAPI.java.vm', line 52, column 26] : ${String} cannot be resolved.
2016-08-12 18:28:09,838 - Null reference [template 'template/__IDBAPI.java.vm', line 57, column 26] : ${String} cannot be resolved.
2016-08-12 18:28:09,838 - Null reference [template 'template/__IDBAPI.java.vm', line 63, column 43] : ${String} cannot be resolved.
2016-08-12 18:28:09,838 - Null reference [template 'template/__IDBAPI.java.vm', line 68, column 43] : ${String} cannot be resolved.
2016-08-12 18:28:09,838 - Null reference [template 'template/__IDBAPI.java.vm', line 74, column 26] : ${String} cannot be resolved.
2016-08-12 18:28:09,838 - Null reference [template 'template/__IDBAPI.java.vm', line 79, column 26] : ${String} cannot be resolved.
2016-08-12 18:28:09,838 - Null reference [template 'template/__IDBAPI.java.vm', line 84, column 43] : ${String} cannot be resolved.
2016-08-12 18:28:09,838 - Null reference [template 'template/__IDBAPI.java.vm', line 89, column 43] : ${String} cannot be resolved.
2016-08-12 18:28:09,838 - Null reference [template 'template/__IDBAPI.java.vm', line 94, column 26] : ${String} cannot be resolved.
2016-08-12 18:28:09,838 - Null reference [template 'template/__IDBAPI.java.vm', line 99, column 26] : ${String} cannot be resolved.
2016-08-12 18:28:09,839 - ResourceManager : found template/MD5Util.java.vm with loader org.apache.velocity.runtime.resource.loader.FileResourceLoader
2016-08-12 18:28:09,840 - ResourceManager : found template/PrivilegeHandlerInterceptorAdapter.java.vm with loader org.apache.velocity.runtime.resource.loader.FileResourceLoader
2016-08-12 18:28:09,841 - ResourceManager : found template/__Model.java.vm with loader org.apache.velocity.runtime.resource.loader.FileResourceLoader
2016-08-12 18:28:09,841 - ResourceManager : found template/ConfigUtil.java.vm with loader org.apache.velocity.runtime.resource.loader.FileResourceLoader
2016-08-12 18:28:09,842 - ResourceManager : found template/RandomString.java.vm with loader org.apache.velocity.runtime.resource.loader.FileResourceLoader
2016-08-12 18:28:09,843 - ResourceManager : found template/PageParam.java.vm with loader org.apache.velocity.runtime.resource.loader.FileResourceLoader
2016-08-12 18:28:09,843 - ResourceManager : found template/__Request.java.vm with loader org.apache.velocity.runtime.resource.loader.FileResourceLoader
2016-08-12 18:28:09,844 - ResourceManager : found template/IAPP.java.vm with loader org.apache.velocity.runtime.resource.loader.FileResourceLoader
2016-08-12 18:28:09,845 - ResourceManager : found template/ResourceHandlerInterceptorAdapter.java.vm with loader org.apache.velocity.runtime.resource.loader.FileResourceLoader
2016-08-12 18:28:09,846 - ResourceManager : found template/MethodUtil.java.vm with loader org.apache.velocity.runtime.resource.loader.FileResourceLoader
2016-08-12 18:28:09,846 - ResourceManager : found template/DTUtil.java.vm with loader org.apache.velocity.runtime.resource.loader.FileResourceLoader
2016-08-12 18:28:10,213 - ResourceManager : found template/_Bean.java.vm with loader org.apache.velocity.runtime.resource.loader.FileResourceLoader
2016-08-12 18:28:10,229 - ResourceManager : found template/_IDBAPI.java.vm with loader org.apache.velocity.runtime.resource.loader.FileResourceLoader
2016-08-12 18:28:10,230 - ResourceManager : found template/_IAPI.java.vm with loader org.apache.velocity.runtime.resource.loader.FileResourceLoader
